# JRE version: Java(TM) SE Runtime Environment (19.0+36) (build 19+36-2238)
# Java VM: Java HotSpot(TM) 64-Bit Server VM (19+36-2238, mixed mode, sharing, tiered, compressed oops, compressed class ptrs, g1 gc, linux-amd64)
GC Precious Log:
 CardTable entry size: 512
 Card Set container configuration: InlinePtr #cards 5 size 8 Array Of Cards #cards 12 size 40 Howl #buckets 4 coarsen threshold 1843 Howl Bitmap #cards 512 size 80 coarsen threshold 460 Card regions per heap region 1 cards per card region 2048
 CPUs: 2 total, 2 available
 Memory: 7976M
 Large Page Support: Disabled
 NUMA Support: Disabled
 Compressed Oops: Enabled (32-bit)
 Heap Region Size: 1M
 Heap Min Capacity: 8M
 Heap Initial Capacity: 126M
 Heap Max Capacity: 1996M
 Pre-touch: Disabled
 Parallel Workers: 2
 Concurrent Workers: 1
 Concurrent Refinement Workers: 2
 Periodic GC: Disabled
Heap:
 garbage-first heap   total 94208K, used 45539K [0x0000000083400000, 0x0000000100000000)
  region size 1024K, 1 young (1024K), 1 survivors (1024K)
 Metaspace       used 32409K, committed 32832K, reserved 1114112K
  class space    used 3477K, committed 3648K, reserved 1048576K
GC Heap History (20 events):
Event: 0.653 GC heap after
{Heap after GC invocations=3 (full 0):
 garbage-first heap   total 131072K, used 4822K [0x0000000083400000, 0x0000000100000000)
  region size 1024K, 2 young (2048K), 2 survivors (2048K)
 Metaspace       used 6840K, committed 7104K, reserved 1114112K
  class space    used 759K, committed 896K, reserved 1048576K
}
Event: 1.764 GC heap before
{Heap before GC invocations=3 (full 0):
 garbage-first heap   total 131072K, used 78550K [0x0000000083400000, 0x0000000100000000)
  region size 1024K, 75 young (76800K), 2 survivors (2048K)
 Metaspace       used 14168K, committed 14464K, reserved 1114112K
  class space    used 1541K, committed 1664K, reserved 1048576K
}
Event: 1.784 GC heap after
{Heap after GC invocations=4 (full 0):
 garbage-first heap   total 131072K, used 12610K [0x0000000083400000, 0x0000000100000000)
  region size 1024K, 10 young (10240K), 10 survivors (10240K)
 Metaspace       used 14168K, committed 14464K, reserved 1114112K
  class space    used 1541K, committed 1664K, reserved 1048576K
}
Event: 8.145 GC heap before
{Heap before GC invocations=4 (full 0):
 garbage-first heap   total 131072K, used 49474K [0x0000000083400000, 0x0000000100000000)
  region size 1024K, 47 young (48128K), 10 survivors (10240K)
 Metaspace       used 21193K, committed 21504K, reserved 1114112K
  class space    used 2329K, committed 2496K, reserved 1048576K
}
Event: 8.180 GC heap after
{Heap after GC invocations=5 (full 0):
 garbage-first heap   total 157696K, used 17127K [0x0000000083400000, 0x0000000100000000)
  region size 1024K, 5 young (5120K), 5 survivors (5120K)
 Metaspace       used 21193K, committed 21504K, reserved 1114112K
  class space    used 2329K, committed 2496K, reserved 1048576K
}
Event: 30.866 GC heap before
{Heap before GC invocations=6 (full 0):
 garbage-first heap   total 68608K, used 52967K [0x0000000083400000, 0x0000000100000000)
  region size 1024K, 40 young (40960K), 5 survivors (5120K)
 Metaspace       used 23543K, committed 23936K, reserved 1114112K
  class space    used 2512K, committed 2688K, reserved 1048576K
}
Event: 30.873 GC heap after
{Heap after GC invocations=7 (full 0):
 garbage-first heap   total 68608K, used 19137K [0x0000000083400000, 0x0000000100000000)
  region size 1024K, 2 young (2048K), 2 survivors (2048K)
 Metaspace       used 23543K, committed 23936K, reserved 1114112K
  class space    used 2512K, committed 2688K, reserved 1048576K
}
Event: 30.880 GC heap before
{Heap before GC invocations=7 (full 0):
 garbage-first heap   total 68608K, used 20161K [0x0000000083400000, 0x0000000100000000)
  region size 1024K, 3 young (3072K), 2 survivors (2048K)
 Metaspace       used 23552K, committed 23936K, reserved 1114112K
  class space    used 2512K, committed 2688K, reserved 1048576K
}
Event: 30.885 GC heap after
{Heap after GC invocations=8 (full 0):
 garbage-first heap   total 68608K, used 19112K [0x0000000083400000, 0x0000000100000000)
  region size 1024K, 1 young (1024K), 1 survivors (1024K)
 Metaspace       used 23552K, committed 23936K, reserved 1114112K
  class space    used 2512K, committed 2688K, reserved 1048576K
}
Event: 31.965 GC heap before
{Heap before GC invocations=8 (full 0):
 garbage-first heap   total 68608K, used 53928K [0x0000000083400000, 0x0000000100000000)
  region size 1024K, 30 young (30720K), 1 survivors (1024K)
 Metaspace       used 31392K, committed 31808K, reserved 1114112K
  class space    used 3382K, committed 3584K, reserved 1048576K
}
Event: 31.977 GC heap after
{Heap after GC invocations=9 (full 0):
 garbage-first heap   total 68608K, used 32709K [0x0000000083400000, 0x0000000100000000)
  region size 1024K, 4 young (4096K), 4 survivors (4096K)
 Metaspace       used 31392K, committed 31808K, reserved 1114112K
  class space    used 3382K, committed 3584K, reserved 1048576K
}
Event: 32.612 GC heap before
{Heap before GC invocations=9 (full 0):
 garbage-first heap   total 68608K, used 50117K [0x0000000083400000, 0x0000000100000000)
  region size 1024K, 20 young (20480K), 4 survivors (4096K)
 Metaspace       used 31858K, committed 32256K, reserved 1114112K
  class space    used 3419K, committed 3648K, reserved 1048576K
}
Event: 32.621 GC heap after
{Heap after GC invocations=10 (full 0):
 garbage-first heap   total 68608K, used 38275K [0x0000000083400000, 0x0000000100000000)
  region size 1024K, 3 young (3072K), 3 survivors (3072K)
 Metaspace       used 31858K, committed 32256K, reserved 1114112K
  class space    used 3419K, committed 3648K, reserved 1048576K
}
Event: 34.389 GC heap before
{Heap before GC invocations=10 (full 0):
 garbage-first heap   total 68608K, used 49539K [0x0000000083400000, 0x0000000100000000)
  region size 1024K, 14 young (14336K), 3 survivors (3072K)
 Metaspace       used 31888K, committed 32320K, reserved 1114112K
  class space    used 3419K, committed 3648K, reserved 1048576K
}
Event: 34.419 GC heap after
{Heap after GC invocations=11 (full 0):
 garbage-first heap   total 68608K, used 42376K [0x0000000083400000, 0x0000000100000000)
  region size 1024K, 2 young (2048K), 2 survivors (2048K)
 Metaspace       used 31888K, committed 32320K, reserved 1114112K
  class space    used 3419K, committed 3648K, reserved 1048576K
}
Event: 36.472 GC heap before
{Heap before GC invocations=12 (full 0):
 garbage-first heap   total 76800K, used 50568K [0x0000000083400000, 0x0000000100000000)
  region size 1024K, 10 young (10240K), 2 survivors (2048K)
 Metaspace       used 32334K, committed 32768K, reserved 1114112K
  class space    used 3476K, committed 3648K, reserved 1048576K
}
Event: 37.285 GC heap after
{Heap after GC invocations=13 (full 0):
 garbage-first heap   total 76800K, used 44898K [0x0000000083400000, 0x0000000100000000)
  region size 1024K, 2 young (2048K), 2 survivors (2048K)
 Metaspace       used 32334K, committed 32768K, reserved 1114112K
  class space    used 3476K, committed 3648K, reserved 1048576K
}
Event: 37.379 GC heap before
{Heap before GC invocations=13 (full 0):
 garbage-first heap   total 76800K, used 45922K [0x0000000083400000, 0x0000000100000000)
  region size 1024K, 3 young (3072K), 2 survivors (2048K)
 Metaspace       used 32342K, committed 32768K, reserved 1114112K
  class space    used 3476K, committed 3648K, reserved 1048576K
}
Event: 37.386 GC heap after
{Heap after GC invocations=14 (full 0):
 garbage-first heap   total 76800K, used 45100K [0x0000000083400000, 0x0000000100000000)
  region size 1024K, 1 young (1024K), 1 survivors (1024K)
 Metaspace       used 32342K, committed 32768K, reserved 1114112K
  class space    used 3476K, committed 3648K, reserved 1048576K
}
Event: 37.460 GC heap before
{Heap before GC invocations=14 (full 0):
 garbage-first heap   total 76800K, used 47148K [0x0000000083400000, 0x0000000100000000)
  region size 1024K, 3 young (3072K), 1 survivors (1024K)
 Metaspace       used 32409K, committed 32832K, reserved 1114112K
  class space    used 3477K, committed 3648K, reserved 1048576K
}

